[debug] [2019-03-20T10:02:23.624Z] ----------------------------------------------------------------------
[debug] [2019-03-20T10:02:23.626Z] Command:       C:\Program Files\nodejs\node.exe C:\Users\Sondr\AppData\Roaming\npm\node_modules\firebase-tools\lib\bin\firebase.js deploy
[debug] [2019-03-20T10:02:23.626Z] CLI Version:   6.5.0
[debug] [2019-03-20T10:02:23.626Z] Platform:      win32
[debug] [2019-03-20T10:02:23.626Z] Node Version:  v8.9.0
[debug] [2019-03-20T10:02:23.627Z] Time:          Wed Mar 20 2019 11:02:23 GMT+0100 (Vest-Europa (normaltid))
[debug] [2019-03-20T10:02:23.627Z] ----------------------------------------------------------------------
[debug] 
[debug] [2019-03-20T10:02:23.639Z] > command requires scopes: ["email","openid","https://www.googleapis.com/auth/cloudplatformprojects.readonly","https://www.googleapis.com/auth/firebase","https://www.googleapis.com/auth/cloud-platform"]
[debug] [2019-03-20T10:02:23.640Z] > authorizing via signed-in user
[debug] [2019-03-20T10:02:23.640Z] [iam] checking project martincrossen-5da8b for permissions ["firebase.projects.get","firebasehosting.sites.update"]
[debug] [2019-03-20T10:02:23.643Z] >>> HTTP REQUEST POST https://cloudresourcemanager.googleapis.com/v1/projects/martincrossen-5da8b:testIamPermissions  

[debug] [2019-03-20T10:02:24.632Z] <<< HTTP RESPONSE 200
[debug] [2019-03-20T10:02:24.634Z] >>> HTTP REQUEST GET https://firebase.googleapis.com/v1beta1/projects/martincrossen-5da8b  
 
[debug] [2019-03-20T10:02:24.929Z] <<< HTTP RESPONSE 200
[info] 
[info] === Deploying to 'martincrossen-5da8b'...
[info] 
[info] i  deploying hosting
[info] Running command: gulp
