[debug] [2018-02-25T14:29:26.158Z] ----------------------------------------------------------------------
[debug] [2018-02-25T14:29:26.161Z] Command:       C:\Program Files\nodejs\node.exe C:\Users\Sondr\AppData\Roaming\npm\node_modules\firebase-tools\bin\firebase deploy
[debug] [2018-02-25T14:29:26.161Z] CLI Version:   3.17.4
[debug] [2018-02-25T14:29:26.161Z] Platform:      win32
[debug] [2018-02-25T14:29:26.161Z] Node Version:  v8.9.0
[debug] [2018-02-25T14:29:26.162Z] Time:          Sun Feb 25 2018 15:29:26 GMT+0100 (Vest-Europa (normaltid))
[debug] [2018-02-25T14:29:26.162Z] ----------------------------------------------------------------------
[debug] 
[debug] [2018-02-25T14:29:26.182Z] > command requires scopes: ["email","openid","https://www.googleapis.com/auth/cloudplatformprojects.readonly","https://www.googleapis.com/auth/firebase","https://www.googleapis.com/auth/cloud-platform"]
[debug] [2018-02-25T14:29:26.183Z] > authorizing via signed-in user
[debug] [2018-02-25T14:29:26.185Z] > refreshing access token with scopes: ["email","https://www.googleapis.com/auth/cloud-platform","https://www.googleapis.com/auth/cloudplatformprojects.readonly","https://www.googleapis.com/auth/firebase","openid"]
[debug] [2018-02-25T14:29:26.185Z] >>> HTTP REQUEST POST https://www.googleapis.com/oauth2/v3/token  
 { refresh_token: '1/fsAq1WVmsFbC_zQViMz1cBGYvI4B-DQ2XQpXXK6HKKQ',
  client_id: '563584335869-fgrhgmd47bqnekij5i8b5pr03ho849e6.apps.googleusercontent.com',
  client_secret: 'j9iVZfS8kkCEFUPaAeJV0sAi',
  grant_type: 'refresh_token',
  scope: 'email https://www.googleapis.com/auth/cloud-platform https://www.googleapis.com/auth/cloudplatformprojects.readonly https://www.googleapis.com/auth/firebase openid' } 
 Sun Feb 25 2018 15:29:26 GMT+0100 (Vest-Europa (normaltid))
[debug] [2018-02-25T14:29:26.387Z] <<< HTTP RESPONSE 200
[debug] [2018-02-25T14:29:26.401Z] >>> HTTP REQUEST GET https://admin.firebase.com/v1/projects/martincrossen-5da8b  
  
 Sun Feb 25 2018 15:29:26 GMT+0100 (Vest-Europa (normaltid))
[debug] [2018-02-25T14:29:27.206Z] <<< HTTP RESPONSE 200
[debug] [2018-02-25T14:29:27.208Z] >>> HTTP REQUEST GET https://admin.firebase.com/v1/database/martincrossen-5da8b/tokens  
  
 Sun Feb 25 2018 15:29:27 GMT+0100 (Vest-Europa (normaltid))
[debug] [2018-02-25T14:29:27.885Z] <<< HTTP RESPONSE 200
[info] 
[info] === Deploying to 'martincrossen-5da8b'...
[info] 
[info] i  deploying hosting
[info] i  hosting: preparing dist directory for upload...
[debug] [2018-02-25T14:29:28.792Z] >>> HTTP REQUEST PUT https://deploy.firebase.com/v1/hosting/martincrossen-5da8b/uploads/-L6CM_UMvV9npaCc-oFi?fileCount=32&message=  
  
 Sun Feb 25 2018 15:29:28 GMT+0100 (Vest-Europa (normaltid))
[debug] [2018-02-25T14:29:39.003Z] <<< HTTP RESPONSE 200
[debug] [2018-02-25T14:29:39.004Z] [hosting] .tgz uploaded successfully, waiting for extraction
